yarn run v1.22.19
warning ../../../../../../package.json: No license field
$ vite

  VITE v5.4.19  ready in 155 ms

  ➜  Local:   http://localhost:5173/
  ➜  Network: http://192.168.178.192:5173/
  ➜  Network: http://192.168.64.1:5173/
3:04:19 PM [vite] vite.config.js changed, restarting server...
3:04:19 PM [vite] server restarted.
3:04:34 PM [vite] vite.config.js changed, restarting server...
3:04:34 PM [vite] server restarted.
3:05:22 PM [vite] full reload Resources/Private/Fusion/Component/Template/Default/Default.fusion
3:06:30 PM [vite] full reload Resources/Private/Fusion/Component/Template/Default/Default.fusion
3:20:28 PM [vite] full reload Resources/Private/Fusion/Component/Template/Default/Default.fusion
3:20:50 PM [vite] full reload Resources/Private/Fusion/Component/Organism/Footer.fusion
3:20:50 PM [vite] full reload Resources/Private/Fusion/Component/Organism/Footer.fusion
3:21:41 PM [vite] full reload Resources/Private/Fusion/Component/Organism/Header.fusion
3:23:09 PM [vite] full reload Resources/Private/Fusion/Component/Organism/MobileMenu.fusion
3:23:41 PM [vite] full reload Resources/Private/Fusion/Component/Content/TextSection.fusion
3:23:41 PM [vite] full reload Resources/Private/Fusion/Component/Content/TextSection.fusion
3:24:05 PM [vite] full reload Resources/Private/Fusion/Component/Content/TwoColumnSection.fusion
3:24:05 PM [vite] full reload Resources/Private/Fusion/Component/Content/TwoColumnSection.fusion
3:24:17 PM [vite] full reload Resources/Private/Fusion/Component/Content/ServiceCard.fusion
3:24:17 PM [vite] full reload Resources/Private/Fusion/Component/Content/ServiceCard.fusion
3:24:35 PM [vite] full reload Resources/Private/Fusion/Component/Content/ServiceGrid.fusion
3:24:35 PM [vite] full reload Resources/Private/Fusion/Component/Content/ServiceGrid.fusion
3:25:04 PM [vite] full reload Resources/Private/Fusion/Document/HomePage.fusion
3:25:04 PM [vite] full reload Resources/Private/Fusion/Document/HomePage.fusion
3:25:18 PM [vite] full reload Resources/Private/Fusion/Document/StandardPage.fusion
3:25:18 PM [vite] full reload Resources/Private/Fusion/Document/StandardPage.fusion
